{
  "RSpec": {
    "coverage": {
      "/home/upbeat-teacher-8253/tic-tac-toe-rb-online-web-sp-000/lib/tic_tac_toe.rb": [
        null,
        1,
        null,
        null,
        null,
        null,
        null,
        null,
        null,
        null,
        null,
        1,
        2,
        2,
        2,
        2,
        2,
        null,
        null,
        1,
        3,
        null,
        null,
        1,
        3,
        null,
        null,
        1,
        4,
        2,
        null,
        2,
        null,
        null
      ]
    },
    "timestamp": 1585065215
  }
}
